<?xml version="1.0" encoding="UTF-8"?>
<!-- Generated by org.testng.reporters.JUnitReportReporter -->
<testsuite hostname="CA00057047" name="com.ethoca.testPages.testEthocaPages" tests="14" failures="0" timestamp="14 Dec 2015 06:09:02 GMT" time="20.777" errors="0">
  <testcase name="testMenuItemAccessories" time="2.901" classname="com.ethoca.testPages.testEthocaPages"/>
  <testcase name="testCheckOutPageProductPrice" time="0.081" classname="com.ethoca.testPages.testEthocaPages"/>
  <testcase name="testButtonPurchase" time="7.113" classname="com.ethoca.testPages.testEthocaPages"/>
  <testcase name="testResultPageProductPrice" time="0.180" classname="com.ethoca.testPages.testEthocaPages"/>
  <testcase name="testCheckOutPageTotalProductPrice" time="0.057" classname="com.ethoca.testPages.testEthocaPages"/>
  <testcase name="testResultPageProductTotalPrice" time="0.223" classname="com.ethoca.testPages.testEthocaPages"/>
  <testcase name="testResultPageProductFinalCost" time="0.051" classname="com.ethoca.testPages.testEthocaPages"/>
  <testcase name="testResultPageProductQuantity" time="0.140" classname="com.ethoca.testPages.testEthocaPages"/>
  <testcase name="testButtonCheckOut" time="2.451" classname="com.ethoca.testPages.testEthocaPages"/>
  <testcase name="testButtonContinue" time="2.742" classname="com.ethoca.testPages.testEthocaPages"/>
  <testcase name="testCheckOutPageQuantity" time="0.039" classname="com.ethoca.testPages.testEthocaPages"/>
  <testcase name="testResultPageProductName" time="0.185" classname="com.ethoca.testPages.testEthocaPages"/>
  <testcase name="testButtonAddToCart" time="1.132" classname="com.ethoca.testPages.testEthocaPages"/>
  <testcase name="testOpenDemoQAHomePage" time="3.482" classname="com.ethoca.testPages.testEthocaPages"/>
</testsuite> <!-- com.ethoca.testPages.testEthocaPages -->
